[INFO]: Run Directory: /openlane/designs/SRAMGenerator/runs/RUN_2023.06.06_02.27.45
[INFO]: Saving runtime environment...
[INFO]: Preparing LEF files for the nom corner...
[INFO]: Preparing LEF files for the min corner...
[INFO]: Preparing LEF files for the max corner...
[INFO]: Running Verilator (log: designs/SRAMGenerator/runs/RUN_2023.06.06_02.27.45/logs/synthesis/verilator.log)...
[INFO]: 0 errors found by Verilator
[WARNING]: 22 warnings found by Verilator
[INFO]: Running Synthesis (log: designs/SRAMGenerator/runs/RUN_2023.06.06_02.27.45/logs/synthesis/1-synthesis.log)...
[ERROR]: during executing yosys script /openlane/scripts/yosys/synth.tcl
[ERROR]: Log: designs/SRAMGenerator/runs/RUN_2023.06.06_02.27.45/logs/synthesis/1-synthesis.log
[ERROR]: Last 10 lines:
No latch inferred for signal `\sram_wrap.\sram_i_read_vec[0]' from process `\sram_wrap.$proc$./designs/SRAMGenerator/src/sramgen.sv:0$32'.
No latch inferred for signal `\sram_wrap.\sram_i_read_vec[1]' from process `\sram_wrap.$proc$./designs/SRAMGenerator/src/sramgen.sv:0$32'.
No latch inferred for signal `\sram_wrap.$fordecl_block$5.i' from process `\sram_wrap.$proc$./designs/SRAMGenerator/src/sramgen.sv:0$23'.
No latch inferred for signal `\sram_wrap.\sram_d_gnt_o' from process `\sram_wrap.$proc$./designs/SRAMGenerator/src/sramgen.sv:0$21'.
No latch inferred for signal `\sram_wrap.\sram_i_gnt_o' from process `\sram_wrap.$proc$./designs/SRAMGenerator/src/sramgen.sv:0$21'.
No latch inferred for signal `\sram_wrap.\illegal_memory_o' from process `\sram_wrap.$proc$./designs/SRAMGenerator/src/sramgen.sv:0$21'.

16. Executing PROC_DFF pass (convert process syncs to FFs).
ERROR: Multiple edge sensitive events found for this signal!
child process exited abnormally

[ERROR]: Creating issue reproducible...
[INFO]: Saving runtime environment...
[INFO]: Reproducible packaged: Please tarball and upload 'designs/SRAMGenerator/runs/RUN_2023.06.06_02.27.45/issue_reproducible' if you're going to submit an issue.
[ERROR]: Step 1 (synthesis) failed with error:
-code 1 -level 0 -errorcode NONE -errorinfo {
    while executing
"throw_error"
    (procedure "run_tcl_script" line 219)
    invoked from within
"run_tcl_script -tool yosys -no_consume {*}$args"
    (procedure "run_yosys_script" line 2)
    invoked from within
"run_yosys_script $::env(SYNTH_SCRIPT) -indexed_log $arg_values(-indexed_log)"
    (procedure "run_yosys" line 44)
    invoked from within
"run_yosys -indexed_log $log"
    (procedure "run_synthesis" line 13)
    invoked from within
"run_synthesis"} -errorline 1
[INFO]: Saving current set of views in 'designs/SRAMGenerator/runs/RUN_2023.06.06_02.27.45/results/final'...
[INFO]: Generating final set of reports...
[INFO]: Created manufacturability report at 'designs/SRAMGenerator/runs/RUN_2023.06.06_02.27.45/reports/manufacturability.rpt'.
[INFO]: Created metrics report at 'designs/SRAMGenerator/runs/RUN_2023.06.06_02.27.45/reports/metrics.csv'.
[INFO]: Saving runtime environment...
[ERROR]: Flow failed.
[INFO]: The failure may have been because of the following warnings:
